{"C:\\Users\\Developer\\Documents\\BackEnd_Sbook\\controller\\controller_usuario.js": {"path":"C:\\Users\\Developer\\Documents\\BackEnd_Sbook\\controller\\controller_usuario.js","statementMap":{"0":{"start":{"line":8,"column":14},"end":{"line":8,"column":43}},"1":{"start":{"line":10,"column":17},"end":{"line":10,"column":53}},"2":{"start":{"line":12,"column":22},"end":{"line":28,"column":1}},"3":{"start":{"line":13,"column":24},"end":{"line":13,"column":62}},"4":{"start":{"line":15,"column":4},"end":{"line":27,"column":5}},"5":{"start":{"line":17,"column":32},"end":{"line":22,"column":9}},"6":{"start":{"line":24,"column":8},"end":{"line":24,"column":32}},"7":{"start":{"line":26,"column":8},"end":{"line":26,"column":44}},"8":{"start":{"line":30,"column":26},"end":{"line":49,"column":1}},"9":{"start":{"line":31,"column":4},"end":{"line":48,"column":5}},"10":{"start":{"line":32,"column":8},"end":{"line":32,"column":43}},"11":{"start":{"line":34,"column":27},"end":{"line":34,"column":68}},"12":{"start":{"line":36,"column":8},"end":{"line":47,"column":9}},"13":{"start":{"line":38,"column":35},"end":{"line":42,"column":13}},"14":{"start":{"line":44,"column":12},"end":{"line":44,"column":35}},"15":{"start":{"line":46,"column":12},"end":{"line":46,"column":48}},"16":{"start":{"line":51,"column":34},"end":{"line":92,"column":1}},"17":{"start":{"line":52,"column":4},"end":{"line":91,"column":5}},"18":{"start":{"line":64,"column":8},"end":{"line":64,"column":43}},"19":{"start":{"line":66,"column":25},"end":{"line":66,"column":88}},"20":{"start":{"line":67,"column":23},"end":{"line":67,"column":82}},"21":{"start":{"line":69,"column":8},"end":{"line":90,"column":9}},"22":{"start":{"line":70,"column":12},"end":{"line":70,"column":47}},"23":{"start":{"line":71,"column":15},"end":{"line":90,"column":9}},"24":{"start":{"line":72,"column":12},"end":{"line":72,"column":44}},"25":{"start":{"line":74,"column":31},"end":{"line":74,"column":94}},"26":{"start":{"line":76,"column":12},"end":{"line":89,"column":13}},"27":{"start":{"line":77,"column":34},"end":{"line":77,"column":83}},"28":{"start":{"line":79,"column":47},"end":{"line":84,"column":17}},"29":{"start":{"line":86,"column":16},"end":{"line":86,"column":47}},"30":{"start":{"line":88,"column":16},"end":{"line":88,"column":52}},"31":{"start":{"line":94,"column":36},"end":{"line":126,"column":1}},"32":{"start":{"line":95,"column":4},"end":{"line":124,"column":5}},"33":{"start":{"line":106,"column":8},"end":{"line":106,"column":43}},"34":{"start":{"line":107,"column":10},"end":{"line":124,"column":5}},"35":{"start":{"line":108,"column":8},"end":{"line":108,"column":44}},"36":{"start":{"line":110,"column":27},"end":{"line":110,"column":82}},"37":{"start":{"line":112,"column":8},"end":{"line":123,"column":9}},"38":{"start":{"line":114,"column":43},"end":{"line":118,"column":13}},"39":{"start":{"line":120,"column":12},"end":{"line":120,"column":43}},"40":{"start":{"line":122,"column":12},"end":{"line":122,"column":48}},"41":{"start":{"line":128,"column":23},"end":{"line":154,"column":1}},"42":{"start":{"line":130,"column":4},"end":{"line":152,"column":5}},"43":{"start":{"line":134,"column":8},"end":{"line":134,"column":43}},"44":{"start":{"line":136,"column":27},"end":{"line":136,"column":86}},"45":{"start":{"line":138,"column":8},"end":{"line":151,"column":9}},"46":{"start":{"line":140,"column":31},"end":{"line":140,"column":78}},"47":{"start":{"line":142,"column":43},"end":{"line":146,"column":13}},"48":{"start":{"line":148,"column":12},"end":{"line":148,"column":43}},"49":{"start":{"line":150,"column":12},"end":{"line":150,"column":48}},"50":{"start":{"line":156,"column":23},"end":{"line":180,"column":1}},"51":{"start":{"line":157,"column":4},"end":{"line":179,"column":5}},"52":{"start":{"line":161,"column":8},"end":{"line":161,"column":43}},"53":{"start":{"line":163,"column":27},"end":{"line":163,"column":83}},"54":{"start":{"line":165,"column":8},"end":{"line":178,"column":9}},"55":{"start":{"line":167,"column":31},"end":{"line":167,"column":80}},"56":{"start":{"line":169,"column":35},"end":{"line":173,"column":13}},"57":{"start":{"line":175,"column":12},"end":{"line":175,"column":35}},"58":{"start":{"line":177,"column":12},"end":{"line":177,"column":48}},"59":{"start":{"line":182,"column":0},"end":{"line":189,"column":1}}},"fnMap":{"0":{"name":"(anonymous_0)","decl":{"start":{"line":12,"column":22},"end":{"line":12,"column":23}},"loc":{"start":{"line":12,"column":34},"end":{"line":28,"column":1}},"line":12},"1":{"name":"(anonymous_1)","decl":{"start":{"line":30,"column":26},"end":{"line":30,"column":27}},"loc":{"start":{"line":30,"column":46},"end":{"line":49,"column":1}},"line":30},"2":{"name":"(anonymous_2)","decl":{"start":{"line":51,"column":34},"end":{"line":51,"column":35}},"loc":{"start":{"line":51,"column":66},"end":{"line":92,"column":1}},"line":51},"3":{"name":"(anonymous_3)","decl":{"start":{"line":94,"column":36},"end":{"line":94,"column":37}},"loc":{"start":{"line":94,"column":74},"end":{"line":126,"column":1}},"line":94},"4":{"name":"(anonymous_4)","decl":{"start":{"line":128,"column":23},"end":{"line":128,"column":24}},"loc":{"start":{"line":128,"column":40},"end":{"line":154,"column":1}},"line":128},"5":{"name":"(anonymous_5)","decl":{"start":{"line":156,"column":23},"end":{"line":156,"column":24}},"loc":{"start":{"line":156,"column":42},"end":{"line":180,"column":1}},"line":156}},"branchMap":{"0":{"loc":{"start":{"line":15,"column":4},"end":{"line":27,"column":5}},"type":"if","locations":[{"start":{"line":15,"column":4},"end":{"line":27,"column":5}},{"start":{"line":25,"column":11},"end":{"line":27,"column":5}}],"line":15},"1":{"loc":{"start":{"line":31,"column":4},"end":{"line":48,"column":5}},"type":"if","locations":[{"start":{"line":31,"column":4},"end":{"line":48,"column":5}},{"start":{"line":33,"column":11},"end":{"line":48,"column":5}}],"line":31},"2":{"loc":{"start":{"line":31,"column":8},"end":{"line":31,"column":50}},"type":"binary-expr","locations":[{"start":{"line":31,"column":8},"end":{"line":31,"column":18}},{"start":{"line":31,"column":22},"end":{"line":31,"column":37}},{"start":{"line":31,"column":41},"end":{"line":31,"column":50}}],"line":31},"3":{"loc":{"start":{"line":36,"column":8},"end":{"line":47,"column":9}},"type":"if","locations":[{"start":{"line":36,"column":8},"end":{"line":47,"column":9}},{"start":{"line":45,"column":15},"end":{"line":47,"column":9}}],"line":36},"4":{"loc":{"start":{"line":52,"column":4},"end":{"line":91,"column":5}},"type":"if","locations":[{"start":{"line":52,"column":4},"end":{"line":91,"column":5}},{"start":{"line":65,"column":11},"end":{"line":91,"column":5}}],"line":52},"5":{"loc":{"start":{"line":53,"column":8},"end":{"line":62,"column":147}},"type":"binary-expr","locations":[{"start":{"line":53,"column":8},"end":{"line":53,"column":54}},{"start":{"line":53,"column":58},"end":{"line":53,"column":106}},{"start":{"line":53,"column":110},"end":{"line":53,"column":163}},{"start":{"line":53,"column":167},"end":{"line":53,"column":219}},{"start":{"line":54,"column":8},"end":{"line":54,"column":50}},{"start":{"line":54,"column":54},"end":{"line":54,"column":98}},{"start":{"line":54,"column":102},"end":{"line":54,"column":151}},{"start":{"line":54,"column":155},"end":{"line":54,"column":203}},{"start":{"line":55,"column":8},"end":{"line":55,"column":50}},{"start":{"line":55,"column":54},"end":{"line":55,"column":98}},{"start":{"line":55,"column":102},"end":{"line":55,"column":151}},{"start":{"line":55,"column":155},"end":{"line":55,"column":203}},{"start":{"line":56,"column":8},"end":{"line":56,"column":50}},{"start":{"line":56,"column":54},"end":{"line":56,"column":98}},{"start":{"line":56,"column":102},"end":{"line":56,"column":151}},{"start":{"line":56,"column":155},"end":{"line":56,"column":202}},{"start":{"line":57,"column":8},"end":{"line":57,"column":47}},{"start":{"line":57,"column":51},"end":{"line":57,"column":92}},{"start":{"line":57,"column":96},"end":{"line":57,"column":142}},{"start":{"line":57,"column":146},"end":{"line":57,"column":190}},{"start":{"line":58,"column":8},"end":{"line":58,"column":46}},{"start":{"line":58,"column":50},"end":{"line":58,"column":90}},{"start":{"line":58,"column":94},"end":{"line":58,"column":139}},{"start":{"line":58,"column":143},"end":{"line":58,"column":187}},{"start":{"line":59,"column":8},"end":{"line":59,"column":58}},{"start":{"line":59,"column":62},"end":{"line":59,"column":114}},{"start":{"line":59,"column":118},"end":{"line":59,"column":175}},{"start":{"line":60,"column":8},"end":{"line":60,"column":48}},{"start":{"line":60,"column":52},"end":{"line":60,"column":94}},{"start":{"line":60,"column":98},"end":{"line":60,"column":145}},{"start":{"line":60,"column":149},"end":{"line":60,"column":195}},{"start":{"line":61,"column":8},"end":{"line":61,"column":48}},{"start":{"line":61,"column":52},"end":{"line":61,"column":94}},{"start":{"line":61,"column":98},"end":{"line":61,"column":145}},{"start":{"line":61,"column":149},"end":{"line":61,"column":195}},{"start":{"line":62,"column":8},"end":{"line":62,"column":54}},{"start":{"line":62,"column":58},"end":{"line":62,"column":102}},{"start":{"line":62,"column":106},"end":{"line":62,"column":147}}],"line":53},"6":{"loc":{"start":{"line":69,"column":8},"end":{"line":90,"column":9}},"type":"if","locations":[{"start":{"line":69,"column":8},"end":{"line":90,"column":9}},{"start":{"line":71,"column":15},"end":{"line":90,"column":9}}],"line":69},"7":{"loc":{"start":{"line":71,"column":15},"end":{"line":90,"column":9}},"type":"if","locations":[{"start":{"line":71,"column":15},"end":{"line":90,"column":9}},{"start":{"line":73,"column":15},"end":{"line":90,"column":9}}],"line":71},"8":{"loc":{"start":{"line":76,"column":12},"end":{"line":89,"column":13}},"type":"if","locations":[{"start":{"line":76,"column":12},"end":{"line":89,"column":13}},{"start":{"line":87,"column":19},"end":{"line":89,"column":13}}],"line":76},"9":{"loc":{"start":{"line":95,"column":4},"end":{"line":124,"column":5}},"type":"if","locations":[{"start":{"line":95,"column":4},"end":{"line":124,"column":5}},{"start":{"line":107,"column":10},"end":{"line":124,"column":5}}],"line":95},"10":{"loc":{"start":{"line":96,"column":8},"end":{"line":104,"column":147}},"type":"binary-expr","locations":[{"start":{"line":96,"column":8},"end":{"line":96,"column":47}},{"start":{"line":96,"column":51},"end":{"line":96,"column":95}},{"start":{"line":96,"column":99},"end":{"line":96,"column":137}},{"start":{"line":97,"column":8},"end":{"line":97,"column":48}},{"start":{"line":97,"column":52},"end":{"line":97,"column":97}},{"start":{"line":97,"column":101},"end":{"line":97,"column":140}},{"start":{"line":98,"column":8},"end":{"line":98,"column":54}},{"start":{"line":98,"column":58},"end":{"line":98,"column":106}},{"start":{"line":98,"column":110},"end":{"line":98,"column":163}},{"start":{"line":98,"column":167},"end":{"line":98,"column":219}},{"start":{"line":99,"column":8},"end":{"line":99,"column":50}},{"start":{"line":99,"column":54},"end":{"line":99,"column":98}},{"start":{"line":99,"column":102},"end":{"line":99,"column":151}},{"start":{"line":99,"column":155},"end":{"line":99,"column":203}},{"start":{"line":100,"column":8},"end":{"line":100,"column":50}},{"start":{"line":100,"column":54},"end":{"line":100,"column":98}},{"start":{"line":100,"column":102},"end":{"line":100,"column":151}},{"start":{"line":100,"column":155},"end":{"line":100,"column":203}},{"start":{"line":101,"column":8},"end":{"line":101,"column":50}},{"start":{"line":101,"column":54},"end":{"line":101,"column":98}},{"start":{"line":101,"column":102},"end":{"line":101,"column":151}},{"start":{"line":101,"column":155},"end":{"line":101,"column":202}},{"start":{"line":102,"column":8},"end":{"line":102,"column":47}},{"start":{"line":102,"column":51},"end":{"line":102,"column":92}},{"start":{"line":102,"column":96},"end":{"line":102,"column":142}},{"start":{"line":102,"column":146},"end":{"line":102,"column":190}},{"start":{"line":103,"column":8},"end":{"line":103,"column":58}},{"start":{"line":103,"column":62},"end":{"line":103,"column":114}},{"start":{"line":103,"column":118},"end":{"line":103,"column":175}},{"start":{"line":104,"column":8},"end":{"line":104,"column":54}},{"start":{"line":104,"column":58},"end":{"line":104,"column":102}},{"start":{"line":104,"column":106},"end":{"line":104,"column":147}}],"line":96},"11":{"loc":{"start":{"line":107,"column":10},"end":{"line":124,"column":5}},"type":"if","locations":[{"start":{"line":107,"column":10},"end":{"line":124,"column":5}},{"start":{"line":109,"column":11},"end":{"line":124,"column":5}}],"line":107},"12":{"loc":{"start":{"line":112,"column":8},"end":{"line":123,"column":9}},"type":"if","locations":[{"start":{"line":112,"column":8},"end":{"line":123,"column":9}},{"start":{"line":121,"column":15},"end":{"line":123,"column":9}}],"line":112},"13":{"loc":{"start":{"line":130,"column":4},"end":{"line":152,"column":5}},"type":"if","locations":[{"start":{"line":130,"column":4},"end":{"line":152,"column":5}},{"start":{"line":135,"column":11},"end":{"line":152,"column":5}}],"line":130},"14":{"loc":{"start":{"line":131,"column":8},"end":{"line":132,"column":92}},"type":"binary-expr","locations":[{"start":{"line":131,"column":8},"end":{"line":131,"column":24}},{"start":{"line":131,"column":28},"end":{"line":131,"column":49}},{"start":{"line":131,"column":53},"end":{"line":131,"column":68}},{"start":{"line":132,"column":8},"end":{"line":132,"column":30}},{"start":{"line":132,"column":34},"end":{"line":132,"column":61}},{"start":{"line":132,"column":65},"end":{"line":132,"column":92}}],"line":131},"15":{"loc":{"start":{"line":138,"column":8},"end":{"line":151,"column":9}},"type":"if","locations":[{"start":{"line":138,"column":8},"end":{"line":151,"column":9}},{"start":{"line":149,"column":15},"end":{"line":151,"column":9}}],"line":138},"16":{"loc":{"start":{"line":157,"column":4},"end":{"line":179,"column":5}},"type":"if","locations":[{"start":{"line":157,"column":4},"end":{"line":179,"column":5}},{"start":{"line":162,"column":11},"end":{"line":179,"column":5}}],"line":157},"17":{"loc":{"start":{"line":158,"column":8},"end":{"line":159,"column":57}},"type":"binary-expr","locations":[{"start":{"line":158,"column":8},"end":{"line":158,"column":26}},{"start":{"line":158,"column":30},"end":{"line":158,"column":53}},{"start":{"line":158,"column":57},"end":{"line":158,"column":74}},{"start":{"line":159,"column":8},"end":{"line":159,"column":28}},{"start":{"line":159,"column":32},"end":{"line":159,"column":57}}],"line":158},"18":{"loc":{"start":{"line":165,"column":8},"end":{"line":178,"column":9}},"type":"if","locations":[{"start":{"line":165,"column":8},"end":{"line":178,"column":9}},{"start":{"line":176,"column":15},"end":{"line":178,"column":9}}],"line":165}},"s":{"0":1,"1":1,"2":1,"3":1,"4":1,"5":1,"6":1,"7":0,"8":1,"9":0,"10":0,"11":0,"12":0,"13":0,"14":0,"15":0,"16":1,"17":3,"18":1,"19":2,"20":2,"21":2,"22":2,"23":0,"24":0,"25":0,"26":0,"27":0,"28":0,"29":0,"30":0,"31":1,"32":2,"33":2,"34":0,"35":0,"36":0,"37":0,"38":0,"39":0,"40":0,"41":1,"42":0,"43":0,"44":0,"45":0,"46":0,"47":0,"48":0,"49":0,"50":1,"51":2,"52":0,"53":2,"54":2,"55":2,"56":2,"57":2,"58":0,"59":1},"f":{"0":1,"1":0,"2":3,"3":2,"4":0,"5":2},"b":{"0":[1,0],"1":[0,0],"2":[0,0,0],"3":[0,0],"4":[1,2],"5":[3,3,3,3,3,2,2,2,2,2,2,2,2,2,2,2,2,2,2,2,2,2,2,2,2,2,2,2,2,2,2,2,2,2,2,2,2,2],"6":[2,0],"7":[0,0],"8":[0,0],"9":[2,0],"10":[2,2,2,2,0,0,0,0,0,0,0,0,0,0,0,0,0,0,0,0,0,0,0,0,0,0,0,0,0,0,0,0],"11":[0,0],"12":[0,0],"13":[0,0],"14":[0,0,0,0,0,0],"15":[0,0],"16":[0,2],"17":[2,2,2,2,2],"18":[2,0]},"_coverageSchema":"1a1c01bbd47fc00a2c39e90264f33305004495a9","hash":"e2ccb5fb4997865935bb3d7088028ab195d310da"}
,"C:\\Users\\Developer\\Documents\\BackEnd_Sbook\\controller\\modulo\\config.js": {"path":"C:\\Users\\Developer\\Documents\\BackEnd_Sbook\\controller\\modulo\\config.js","statementMap":{"0":{"start":{"line":9,"column":29},"end":{"line":9,"column":104}},"1":{"start":{"line":11,"column":30},"end":{"line":11,"column":134}},"2":{"start":{"line":13,"column":35},"end":{"line":13,"column":172}},"3":{"start":{"line":15,"column":25},"end":{"line":15,"column":116}},"4":{"start":{"line":17,"column":29},"end":{"line":17,"column":127}},"5":{"start":{"line":19,"column":28},"end":{"line":19,"column":122}},"6":{"start":{"line":21,"column":26},"end":{"line":21,"column":118}},"7":{"start":{"line":23,"column":34},"end":{"line":23,"column":92}},"8":{"start":{"line":25,"column":27},"end":{"line":25,"column":120}},"9":{"start":{"line":27,"column":30},"end":{"line":27,"column":103}},"10":{"start":{"line":29,"column":31},"end":{"line":29,"column":104}},"11":{"start":{"line":31,"column":32},"end":{"line":31,"column":104}},"12":{"start":{"line":33,"column":30},"end":{"line":33,"column":133}},"13":{"start":{"line":35,"column":29},"end":{"line":35,"column":93}},"14":{"start":{"line":37,"column":28},"end":{"line":37,"column":99}},"15":{"start":{"line":39,"column":29},"end":{"line":39,"column":96}},"16":{"start":{"line":41,"column":33},"end":{"line":41,"column":156}},"17":{"start":{"line":43,"column":27},"end":{"line":43,"column":81}},"18":{"start":{"line":45,"column":27},"end":{"line":45,"column":113}},"19":{"start":{"line":47,"column":33},"end":{"line":47,"column":113}},"20":{"start":{"line":50,"column":29},"end":{"line":50,"column":78}},"21":{"start":{"line":52,"column":29},"end":{"line":52,"column":82}},"22":{"start":{"line":54,"column":29},"end":{"line":54,"column":80}},"23":{"start":{"line":56,"column":24},"end":{"line":56,"column":73}},"24":{"start":{"line":58,"column":28},"end":{"line":58,"column":66}},"25":{"start":{"line":61,"column":19},"end":{"line":61,"column":90}},"26":{"start":{"line":64,"column":0},"end":{"line":93,"column":1}}},"fnMap":{},"branchMap":{},"s":{"0":1,"1":1,"2":1,"3":1,"4":1,"5":1,"6":1,"7":1,"8":1,"9":1,"10":1,"11":1,"12":1,"13":1,"14":1,"15":1,"16":1,"17":1,"18":1,"19":1,"20":1,"21":1,"22":1,"23":1,"24":1,"25":1,"26":1},"f":{},"b":{},"_coverageSchema":"1a1c01bbd47fc00a2c39e90264f33305004495a9","hash":"b7c7a223acd288285250ce10259a03e3f3d3919d"}
,"C:\\Users\\Developer\\Documents\\BackEnd_Sbook\\model\\model_usuario.js": {"path":"C:\\Users\\Developer\\Documents\\BackEnd_Sbook\\model\\model_usuario.js","statementMap":{"0":{"start":{"line":9,"column":23},"end":{"line":9,"column":48}},"1":{"start":{"line":12,"column":13},"end":{"line":12,"column":31}},"2":{"start":{"line":14,"column":28},"end":{"line":40,"column":1}},"3":{"start":{"line":15,"column":14},"end":{"line":31,"column":42}},"4":{"start":{"line":33,"column":28},"end":{"line":33,"column":61}},"5":{"start":{"line":35,"column":4},"end":{"line":39,"column":5}},"6":{"start":{"line":36,"column":8},"end":{"line":36,"column":32}},"7":{"start":{"line":38,"column":8},"end":{"line":38,"column":20}},"8":{"start":{"line":42,"column":39},"end":{"line":68,"column":1}},"9":{"start":{"line":43,"column":14},"end":{"line":59,"column":75}},"10":{"start":{"line":61,"column":28},"end":{"line":61,"column":61}},"11":{"start":{"line":63,"column":4},"end":{"line":67,"column":5}},"12":{"start":{"line":64,"column":8},"end":{"line":64,"column":32}},"13":{"start":{"line":66,"column":8},"end":{"line":66,"column":20}},"14":{"start":{"line":70,"column":29},"end":{"line":99,"column":1}},"15":{"start":{"line":71,"column":14},"end":{"line":90,"column":30}},"16":{"start":{"line":92,"column":28},"end":{"line":92,"column":61}},"17":{"start":{"line":94,"column":4},"end":{"line":98,"column":5}},"18":{"start":{"line":95,"column":8},"end":{"line":95,"column":32}},"19":{"start":{"line":97,"column":8},"end":{"line":97,"column":20}},"20":{"start":{"line":101,"column":22},"end":{"line":111,"column":1}},"21":{"start":{"line":102,"column":19},"end":{"line":102,"column":170}},"22":{"start":{"line":104,"column":22},"end":{"line":104,"column":60}},"23":{"start":{"line":106,"column":4},"end":{"line":110,"column":5}},"24":{"start":{"line":107,"column":8},"end":{"line":107,"column":26}},"25":{"start":{"line":109,"column":8},"end":{"line":109,"column":20}},"26":{"start":{"line":113,"column":19},"end":{"line":123,"column":1}},"27":{"start":{"line":114,"column":24},"end":{"line":114,"column":122}},"28":{"start":{"line":116,"column":22},"end":{"line":116,"column":65}},"29":{"start":{"line":118,"column":4},"end":{"line":122,"column":5}},"30":{"start":{"line":119,"column":8},"end":{"line":119,"column":20}},"31":{"start":{"line":121,"column":8},"end":{"line":121,"column":19}},"32":{"start":{"line":125,"column":17},"end":{"line":135,"column":1}},"33":{"start":{"line":126,"column":22},"end":{"line":126,"column":108}},"34":{"start":{"line":128,"column":22},"end":{"line":128,"column":63}},"35":{"start":{"line":130,"column":4},"end":{"line":134,"column":5}},"36":{"start":{"line":131,"column":8},"end":{"line":131,"column":20}},"37":{"start":{"line":133,"column":8},"end":{"line":133,"column":19}},"38":{"start":{"line":137,"column":33},"end":{"line":158,"column":1}},"39":{"start":{"line":138,"column":14},"end":{"line":149,"column":11}},"40":{"start":{"line":151,"column":23},"end":{"line":151,"column":58}},"41":{"start":{"line":153,"column":4},"end":{"line":157,"column":5}},"42":{"start":{"line":154,"column":8},"end":{"line":154,"column":27}},"43":{"start":{"line":156,"column":8},"end":{"line":156,"column":20}},"44":{"start":{"line":160,"column":25},"end":{"line":180,"column":1}},"45":{"start":{"line":161,"column":14},"end":{"line":171,"column":7}},"46":{"start":{"line":173,"column":23},"end":{"line":173,"column":58}},"47":{"start":{"line":175,"column":4},"end":{"line":179,"column":5}},"48":{"start":{"line":176,"column":8},"end":{"line":176,"column":27}},"49":{"start":{"line":178,"column":8},"end":{"line":178,"column":20}},"50":{"start":{"line":182,"column":39},"end":{"line":206,"column":1}},"51":{"start":{"line":185,"column":4},"end":{"line":197,"column":5}},"52":{"start":{"line":186,"column":8},"end":{"line":190,"column":9}},"53":{"start":{"line":192,"column":8},"end":{"line":196,"column":9}},"54":{"start":{"line":199,"column":23},"end":{"line":199,"column":58}},"55":{"start":{"line":201,"column":4},"end":{"line":205,"column":5}},"56":{"start":{"line":202,"column":8},"end":{"line":202,"column":27}},"57":{"start":{"line":204,"column":8},"end":{"line":204,"column":20}},"58":{"start":{"line":209,"column":25},"end":{"line":222,"column":1}},"59":{"start":{"line":210,"column":14},"end":{"line":213,"column":9}},"60":{"start":{"line":215,"column":23},"end":{"line":215,"column":58}},"61":{"start":{"line":217,"column":4},"end":{"line":221,"column":5}},"62":{"start":{"line":218,"column":8},"end":{"line":218,"column":27}},"63":{"start":{"line":220,"column":8},"end":{"line":220,"column":20}},"64":{"start":{"line":224,"column":22},"end":{"line":237,"column":1}},"65":{"start":{"line":225,"column":14},"end":{"line":228,"column":9}},"66":{"start":{"line":230,"column":23},"end":{"line":230,"column":58}},"67":{"start":{"line":232,"column":4},"end":{"line":236,"column":5}},"68":{"start":{"line":233,"column":8},"end":{"line":233,"column":19}},"69":{"start":{"line":235,"column":8},"end":{"line":235,"column":20}},"70":{"start":{"line":239,"column":0},"end":{"line":251,"column":1}}},"fnMap":{"0":{"name":"(anonymous_0)","decl":{"start":{"line":14,"column":28},"end":{"line":14,"column":29}},"loc":{"start":{"line":14,"column":40},"end":{"line":40,"column":1}},"line":14},"1":{"name":"(anonymous_1)","decl":{"start":{"line":42,"column":39},"end":{"line":42,"column":40}},"loc":{"start":{"line":42,"column":51},"end":{"line":68,"column":1}},"line":42},"2":{"name":"(anonymous_2)","decl":{"start":{"line":70,"column":29},"end":{"line":70,"column":30}},"loc":{"start":{"line":70,"column":49},"end":{"line":99,"column":1}},"line":70},"3":{"name":"(anonymous_3)","decl":{"start":{"line":101,"column":22},"end":{"line":101,"column":23}},"loc":{"start":{"line":101,"column":53},"end":{"line":111,"column":1}},"line":101},"4":{"name":"(anonymous_4)","decl":{"start":{"line":113,"column":19},"end":{"line":113,"column":20}},"loc":{"start":{"line":113,"column":50},"end":{"line":123,"column":1}},"line":113},"5":{"name":"(anonymous_5)","decl":{"start":{"line":125,"column":17},"end":{"line":125,"column":18}},"loc":{"start":{"line":125,"column":38},"end":{"line":135,"column":1}},"line":125},"6":{"name":"(anonymous_6)","decl":{"start":{"line":137,"column":33},"end":{"line":137,"column":34}},"loc":{"start":{"line":137,"column":71},"end":{"line":158,"column":1}},"line":137},"7":{"name":"(anonymous_7)","decl":{"start":{"line":160,"column":25},"end":{"line":160,"column":26}},"loc":{"start":{"line":160,"column":63},"end":{"line":180,"column":1}},"line":160},"8":{"name":"(anonymous_8)","decl":{"start":{"line":182,"column":39},"end":{"line":182,"column":40}},"loc":{"start":{"line":182,"column":96},"end":{"line":206,"column":1}},"line":182},"9":{"name":"(anonymous_9)","decl":{"start":{"line":209,"column":25},"end":{"line":209,"column":26}},"loc":{"start":{"line":209,"column":49},"end":{"line":222,"column":1}},"line":209},"10":{"name":"(anonymous_10)","decl":{"start":{"line":224,"column":22},"end":{"line":224,"column":23}},"loc":{"start":{"line":224,"column":42},"end":{"line":237,"column":1}},"line":224}},"branchMap":{"0":{"loc":{"start":{"line":35,"column":4},"end":{"line":39,"column":5}},"type":"if","locations":[{"start":{"line":35,"column":4},"end":{"line":39,"column":5}},{"start":{"line":37,"column":11},"end":{"line":39,"column":5}}],"line":35},"1":{"loc":{"start":{"line":63,"column":4},"end":{"line":67,"column":5}},"type":"if","locations":[{"start":{"line":63,"column":4},"end":{"line":67,"column":5}},{"start":{"line":65,"column":11},"end":{"line":67,"column":5}}],"line":63},"2":{"loc":{"start":{"line":94,"column":4},"end":{"line":98,"column":5}},"type":"if","locations":[{"start":{"line":94,"column":4},"end":{"line":98,"column":5}},{"start":{"line":96,"column":11},"end":{"line":98,"column":5}}],"line":94},"3":{"loc":{"start":{"line":106,"column":4},"end":{"line":110,"column":5}},"type":"if","locations":[{"start":{"line":106,"column":4},"end":{"line":110,"column":5}},{"start":{"line":108,"column":11},"end":{"line":110,"column":5}}],"line":106},"4":{"loc":{"start":{"line":118,"column":4},"end":{"line":122,"column":5}},"type":"if","locations":[{"start":{"line":118,"column":4},"end":{"line":122,"column":5}},{"start":{"line":120,"column":11},"end":{"line":122,"column":5}}],"line":118},"5":{"loc":{"start":{"line":130,"column":4},"end":{"line":134,"column":5}},"type":"if","locations":[{"start":{"line":130,"column":4},"end":{"line":134,"column":5}},{"start":{"line":132,"column":11},"end":{"line":134,"column":5}}],"line":130},"6":{"loc":{"start":{"line":153,"column":4},"end":{"line":157,"column":5}},"type":"if","locations":[{"start":{"line":153,"column":4},"end":{"line":157,"column":5}},{"start":{"line":155,"column":11},"end":{"line":157,"column":5}}],"line":153},"7":{"loc":{"start":{"line":175,"column":4},"end":{"line":179,"column":5}},"type":"if","locations":[{"start":{"line":175,"column":4},"end":{"line":179,"column":5}},{"start":{"line":177,"column":11},"end":{"line":179,"column":5}}],"line":175},"8":{"loc":{"start":{"line":185,"column":4},"end":{"line":197,"column":5}},"type":"if","locations":[{"start":{"line":185,"column":4},"end":{"line":197,"column":5}},{"start":{"line":191,"column":9},"end":{"line":197,"column":5}}],"line":185},"9":{"loc":{"start":{"line":201,"column":4},"end":{"line":205,"column":5}},"type":"if","locations":[{"start":{"line":201,"column":4},"end":{"line":205,"column":5}},{"start":{"line":203,"column":11},"end":{"line":205,"column":5}}],"line":201},"10":{"loc":{"start":{"line":217,"column":4},"end":{"line":221,"column":5}},"type":"if","locations":[{"start":{"line":217,"column":4},"end":{"line":221,"column":5}},{"start":{"line":219,"column":11},"end":{"line":221,"column":5}}],"line":217},"11":{"loc":{"start":{"line":232,"column":4},"end":{"line":236,"column":5}},"type":"if","locations":[{"start":{"line":232,"column":4},"end":{"line":236,"column":5}},{"start":{"line":234,"column":11},"end":{"line":236,"column":5}}],"line":232}},"s":{"0":1,"1":1,"2":1,"3":1,"4":1,"5":1,"6":1,"7":0,"8":1,"9":0,"10":0,"11":0,"12":0,"13":0,"14":1,"15":2,"16":2,"17":2,"18":2,"19":0,"20":1,"21":0,"22":0,"23":0,"24":0,"25":0,"26":1,"27":2,"28":2,"29":2,"30":2,"31":0,"32":1,"33":2,"34":2,"35":2,"36":2,"37":0,"38":1,"39":0,"40":0,"41":0,"42":0,"43":0,"44":1,"45":0,"46":0,"47":0,"48":0,"49":0,"50":1,"51":0,"52":0,"53":0,"54":0,"55":0,"56":0,"57":0,"58":1,"59":0,"60":0,"61":0,"62":0,"63":0,"64":1,"65":2,"66":2,"67":2,"68":2,"69":0,"70":1},"f":{"0":1,"1":0,"2":2,"3":0,"4":2,"5":2,"6":0,"7":0,"8":0,"9":0,"10":2},"b":{"0":[1,0],"1":[0,0],"2":[2,0],"3":[0,0],"4":[2,0],"5":[2,0],"6":[0,0],"7":[0,0],"8":[0,0],"9":[0,0],"10":[0,0],"11":[2,0]},"_coverageSchema":"1a1c01bbd47fc00a2c39e90264f33305004495a9","hash":"66246735d50978299cb672aa7d6f0412f1fc48ed"}
}
