TN:
SF:controller\controller_usuario.js
FN:12,(anonymous_0)
FN:30,(anonymous_1)
FN:51,(anonymous_2)
FN:94,(anonymous_3)
FN:128,(anonymous_4)
FN:156,(anonymous_5)
FNF:6
FNH:4
FNDA:1,(anonymous_0)
FNDA:0,(anonymous_1)
FNDA:3,(anonymous_2)
FNDA:2,(anonymous_3)
FNDA:0,(anonymous_4)
FNDA:2,(anonymous_5)
DA:8,1
DA:10,1
DA:12,1
DA:13,1
DA:15,1
DA:17,1
DA:24,1
DA:26,0
DA:30,1
DA:31,0
DA:32,0
DA:34,0
DA:36,0
DA:38,0
DA:44,0
DA:46,0
DA:51,1
DA:52,3
DA:64,1
DA:66,2
DA:67,2
DA:69,2
DA:70,2
DA:71,0
DA:72,0
DA:74,0
DA:76,0
DA:77,0
DA:79,0
DA:86,0
DA:88,0
DA:94,1
DA:95,2
DA:106,2
DA:107,0
DA:108,0
DA:110,0
DA:112,0
DA:114,0
DA:120,0
DA:122,0
DA:128,1
DA:130,0
DA:134,0
DA:136,0
DA:138,0
DA:140,0
DA:142,0
DA:148,0
DA:150,0
DA:156,1
DA:157,2
DA:161,0
DA:163,2
DA:165,2
DA:167,2
DA:169,2
DA:175,2
DA:177,0
DA:182,1
LF:60
LH:27
BRDA:15,0,0,1
BRDA:15,0,1,0
BRDA:31,1,0,0
BRDA:31,1,1,0
BRDA:31,2,0,0
BRDA:31,2,1,0
BRDA:31,2,2,0
BRDA:36,3,0,0
BRDA:36,3,1,0
BRDA:52,4,0,1
BRDA:52,4,1,2
BRDA:53,5,0,3
BRDA:53,5,1,3
BRDA:53,5,2,3
BRDA:53,5,3,3
BRDA:53,5,4,3
BRDA:53,5,5,2
BRDA:53,5,6,2
BRDA:53,5,7,2
BRDA:53,5,8,2
BRDA:53,5,9,2
BRDA:53,5,10,2
BRDA:53,5,11,2
BRDA:53,5,12,2
BRDA:53,5,13,2
BRDA:53,5,14,2
BRDA:53,5,15,2
BRDA:53,5,16,2
BRDA:53,5,17,2
BRDA:53,5,18,2
BRDA:53,5,19,2
BRDA:53,5,20,2
BRDA:53,5,21,2
BRDA:53,5,22,2
BRDA:53,5,23,2
BRDA:53,5,24,2
BRDA:53,5,25,2
BRDA:53,5,26,2
BRDA:53,5,27,2
BRDA:53,5,28,2
BRDA:53,5,29,2
BRDA:53,5,30,2
BRDA:53,5,31,2
BRDA:53,5,32,2
BRDA:53,5,33,2
BRDA:53,5,34,2
BRDA:53,5,35,2
BRDA:53,5,36,2
BRDA:53,5,37,2
BRDA:69,6,0,2
BRDA:69,6,1,0
BRDA:71,7,0,0
BRDA:71,7,1,0
BRDA:76,8,0,0
BRDA:76,8,1,0
BRDA:95,9,0,2
BRDA:95,9,1,0
BRDA:96,10,0,2
BRDA:96,10,1,2
BRDA:96,10,2,2
BRDA:96,10,3,2
BRDA:96,10,4,0
BRDA:96,10,5,0
BRDA:96,10,6,0
BRDA:96,10,7,0
BRDA:96,10,8,0
BRDA:96,10,9,0
BRDA:96,10,10,0
BRDA:96,10,11,0
BRDA:96,10,12,0
BRDA:96,10,13,0
BRDA:96,10,14,0
BRDA:96,10,15,0
BRDA:96,10,16,0
BRDA:96,10,17,0
BRDA:96,10,18,0
BRDA:96,10,19,0
BRDA:96,10,20,0
BRDA:96,10,21,0
BRDA:96,10,22,0
BRDA:96,10,23,0
BRDA:96,10,24,0
BRDA:96,10,25,0
BRDA:96,10,26,0
BRDA:96,10,27,0
BRDA:96,10,28,0
BRDA:96,10,29,0
BRDA:96,10,30,0
BRDA:96,10,31,0
BRDA:107,11,0,0
BRDA:107,11,1,0
BRDA:112,12,0,0
BRDA:112,12,1,0
BRDA:130,13,0,0
BRDA:130,13,1,0
BRDA:131,14,0,0
BRDA:131,14,1,0
BRDA:131,14,2,0
BRDA:131,14,3,0
BRDA:131,14,4,0
BRDA:131,14,5,0
BRDA:138,15,0,0
BRDA:138,15,1,0
BRDA:157,16,0,0
BRDA:157,16,1,2
BRDA:158,17,0,2
BRDA:158,17,1,2
BRDA:158,17,2,2
BRDA:158,17,3,2
BRDA:158,17,4,2
BRDA:165,18,0,2
BRDA:165,18,1,0
BRF:112
BRH:54
end_of_record
TN:
SF:controller\modulo\config.js
FNF:0
FNH:0
DA:9,1
DA:11,1
DA:13,1
DA:15,1
DA:17,1
DA:19,1
DA:21,1
DA:23,1
DA:25,1
DA:27,1
DA:29,1
DA:31,1
DA:33,1
DA:35,1
DA:37,1
DA:39,1
DA:41,1
DA:43,1
DA:45,1
DA:47,1
DA:50,1
DA:52,1
DA:54,1
DA:56,1
DA:58,1
DA:61,1
DA:64,1
LF:27
LH:27
BRF:0
BRH:0
end_of_record
TN:
SF:model\model_usuario.js
FN:14,(anonymous_0)
FN:42,(anonymous_1)
FN:70,(anonymous_2)
FN:101,(anonymous_3)
FN:113,(anonymous_4)
FN:125,(anonymous_5)
FN:137,(anonymous_6)
FN:160,(anonymous_7)
FN:182,(anonymous_8)
FN:209,(anonymous_9)
FN:224,(anonymous_10)
FNF:11
FNH:5
FNDA:1,(anonymous_0)
FNDA:0,(anonymous_1)
FNDA:2,(anonymous_2)
FNDA:0,(anonymous_3)
FNDA:2,(anonymous_4)
FNDA:2,(anonymous_5)
FNDA:0,(anonymous_6)
FNDA:0,(anonymous_7)
FNDA:0,(anonymous_8)
FNDA:0,(anonymous_9)
FNDA:2,(anonymous_10)
DA:9,1
DA:12,1
DA:14,1
DA:15,1
DA:33,1
DA:35,1
DA:36,1
DA:38,0
DA:42,1
DA:43,0
DA:61,0
DA:63,0
DA:64,0
DA:66,0
DA:70,1
DA:71,2
DA:92,2
DA:94,2
DA:95,2
DA:97,0
DA:101,1
DA:102,0
DA:104,0
DA:106,0
DA:107,0
DA:109,0
DA:113,1
DA:114,2
DA:116,2
DA:118,2
DA:119,2
DA:121,0
DA:125,1
DA:126,2
DA:128,2
DA:130,2
DA:131,2
DA:133,0
DA:137,1
DA:138,0
DA:151,0
DA:153,0
DA:154,0
DA:156,0
DA:160,1
DA:161,0
DA:173,0
DA:175,0
DA:176,0
DA:178,0
DA:182,1
DA:185,0
DA:186,0
DA:192,0
DA:199,0
DA:201,0
DA:202,0
DA:204,0
DA:209,1
DA:210,0
DA:215,0
DA:217,0
DA:218,0
DA:220,0
DA:224,1
DA:225,2
DA:230,2
DA:232,2
DA:233,2
DA:235,0
DA:239,1
LF:71
LH:34
BRDA:35,0,0,1
BRDA:35,0,1,0
BRDA:63,1,0,0
BRDA:63,1,1,0
BRDA:94,2,0,2
BRDA:94,2,1,0
BRDA:106,3,0,0
BRDA:106,3,1,0
BRDA:118,4,0,2
BRDA:118,4,1,0
BRDA:130,5,0,2
BRDA:130,5,1,0
BRDA:153,6,0,0
BRDA:153,6,1,0
BRDA:175,7,0,0
BRDA:175,7,1,0
BRDA:185,8,0,0
BRDA:185,8,1,0
BRDA:201,9,0,0
BRDA:201,9,1,0
BRDA:217,10,0,0
BRDA:217,10,1,0
BRDA:232,11,0,2
BRDA:232,11,1,0
BRF:24
BRH:5
end_of_record
